Arguments: 
  C:\Program Files\nodejs\node.exe C:\Users\gamin\AppData\Roaming\npm\node_modules\yarn\bin\yarn.js add jp2a

PATH: 
  C:\Users\gamin\AppData\Local\cloud-code\installer\google-cloud-sdk\bin;C:\Python39\Scripts\;C:\Python39\;C:\WINDOWS\system32;C:\WINDOWS;C:\WINDOWS\System32\Wbem;C:\WINDOWS\System32\WindowsPowerShell\v1.0\;C:\WINDOWS\System32\OpenSSH\;C:\Program Files\NVIDIA Corporation\NVIDIA NvDLISR;C:\Program Files (x86)\NVIDIA Corporation\PhysX\Common;C:\ProgramData\chocolatey\bin;C:\Program Files\Git\cmd;C:\Users\gamin\AppData\Roaming\npm;C:\cygwin64\bin;D:\tesseract;D:\sql-server\bin;D:\kubectl;;C:\Program Files\Docker\Docker\resources\bin;C:\ProgramData\DockerDesktop\version-bin;C:\Program Files\nodejs\;C:\Users\gamin\AppData\Local\Microsoft\WindowsApps;D:\JDK\bin;C:\Users\gamin\AppData\Local\Programs\Microsoft VS Code\bin;C:\Users\gamin\AppData\Local\Programs\Microsoft VS Code Insiders\bin;C:\Users\gamin\AppData\Local\GitHubDesktop\bin;D:\tesseract;;D:\ipfs\IPFS Desktop\resources\app.asar.unpacked\src\ipfs-on-path\scripts\bin-win;C:\Users\gamin\AppData\Roaming\npm

Yarn version: 
  1.22.11

Node version: 
  16.13.0

Platform: 
  win32 x64

Trace: 
  Error: EPERM: operation not permitted, unlink 'D:\Coding-12-02\cheez-bonds\node_modules\keccak\prebuilds\win32-x64\node.napi.node'

npm manifest: 
  {
    "name": "cheese-bonder",
    "version": "1.0.0",
    "description": "",
    "main": "index.js",
    "scripts": {
      "rebond": "hardhat run scripts/rebond_lp.js --network harmony",
      "test": "echo \"Error: no test specified\" && exit 1"
    },
    "keywords": [],
    "author": "",
    "license": "ISC",
    "dependencies": {
      "ethers-multicall": "^0.2.1",
      "hardhat": "^2.8.0"
    },
    "devDependencies": {
      "@nomiclabs/hardhat-waffle": "^2.0.1"
    }
  }

yarn manifest: 
  No manifest

Lockfile: 
  No lockfile
